  test.cpp
F:\Code\C_LearningCode\Class 1\Class 1\test.cpp(13,9): warning C4477: “printf”: 格式字符串“%d”需要类型“int”的参数，但可变参数 1 拥有了类型“size_t”
  F:\Code\C_LearningCode\Class 1\Class 1\test.cpp(13,9):
  请考虑在格式字符串中使用“%zd”
  
F:\Code\C_LearningCode\Class 1\Class 1\test.cpp(14,9): warning C4477: “printf”: 格式字符串“%d”需要类型“int”的参数，但可变参数 1 拥有了类型“size_t”
  F:\Code\C_LearningCode\Class 1\Class 1\test.cpp(14,9):
  请考虑在格式字符串中使用“%zd”
  
F:\Code\C_LearningCode\Class 1\Class 1\test.cpp(15,9): warning C4477: “printf”: 格式字符串“%d”需要类型“int”的参数，但可变参数 1 拥有了类型“size_t”
  F:\Code\C_LearningCode\Class 1\Class 1\test.cpp(15,9):
  请考虑在格式字符串中使用“%zd”
  
F:\Code\C_LearningCode\Class 1\Class 1\test.cpp(16,9): warning C4477: “printf”: 格式字符串“%d”需要类型“int”的参数，但可变参数 1 拥有了类型“size_t”
  F:\Code\C_LearningCode\Class 1\Class 1\test.cpp(16,9):
  请考虑在格式字符串中使用“%zd”
  
F:\Code\C_LearningCode\Class 1\Class 1\test.cpp(17,9): warning C4477: “printf”: 格式字符串“%d”需要类型“int”的参数，但可变参数 1 拥有了类型“size_t”
  F:\Code\C_LearningCode\Class 1\Class 1\test.cpp(17,9):
  请考虑在格式字符串中使用“%zd”
  
F:\Code\C_LearningCode\Class 1\Class 1\test.cpp(18,9): warning C4477: “printf”: 格式字符串“%d”需要类型“int”的参数，但可变参数 1 拥有了类型“size_t”
  F:\Code\C_LearningCode\Class 1\Class 1\test.cpp(18,9):
  请考虑在格式字符串中使用“%zd”
  
F:\Code\C_LearningCode\Class 1\Class 1\test.cpp(19,9): warning C4477: “printf”: 格式字符串“%d”需要类型“int”的参数，但可变参数 1 拥有了类型“size_t”
  F:\Code\C_LearningCode\Class 1\Class 1\test.cpp(19,9):
  请考虑在格式字符串中使用“%zd”
  
F:\Code\C_LearningCode\Class 1\Class 1\test.cpp(59,9): warning C4477: “printf”: 格式字符串“%d”需要类型“int”的参数，但可变参数 1 拥有了类型“size_t”
  F:\Code\C_LearningCode\Class 1\Class 1\test.cpp(59,9):
  请考虑在格式字符串中使用“%zd”
  
  Class 1.vcxproj -> F:\Code\C_LearningCode\Class 1\x64\Debug\Class 1.exe
